/*C11*/SET SCHEMA PUBLIC
CONNECT USER SA
SET AUTOCOMMIT FALSE
/*C12*/SET SCHEMA PUBLIC
CONNECT USER SA
INSERT INTO CLIENT VALUES(66,'asd','asd',22)
DISCONNECT
/*C11*/DISCONNECT
/*C13*/SET SCHEMA PUBLIC
CONNECT USER SA
SET AUTOCOMMIT FALSE
DISCONNECT
/*C14*/SET SCHEMA PUBLIC
CONNECT USER SA
SET AUTOCOMMIT FALSE
DISCONNECT
/*C15*/SET SCHEMA PUBLIC
CONNECT USER SA
SET AUTOCOMMIT FALSE
DISCONNECT
/*C16*/SET SCHEMA PUBLIC
CONNECT USER SA
SET AUTOCOMMIT FALSE
DISCONNECT
/*C17*/SET SCHEMA PUBLIC
CONNECT USER SA
SET AUTOCOMMIT FALSE
DISCONNECT
/*C18*/SET SCHEMA PUBLIC
CONNECT USER SA
SET AUTOCOMMIT FALSE
DISCONNECT
/*C19*/SET SCHEMA PUBLIC
CONNECT USER SA
SET AUTOCOMMIT FALSE
DISCONNECT
/*C20*/SET SCHEMA PUBLIC
CONNECT USER SA
SET AUTOCOMMIT FALSE
DISCONNECT
/*C21*/SET SCHEMA PUBLIC
CONNECT USER SA
SET AUTOCOMMIT FALSE
DISCONNECT
/*C22*/SET SCHEMA PUBLIC
CONNECT USER SA
SET AUTOCOMMIT FALSE
DISCONNECT
/*C23*/SET SCHEMA PUBLIC
CONNECT USER SA
SET AUTOCOMMIT FALSE
DISCONNECT
/*C24*/SET SCHEMA PUBLIC
CONNECT USER SA
SET AUTOCOMMIT FALSE
DISCONNECT
/*C25*/SET SCHEMA PUBLIC
CONNECT USER SA
SET AUTOCOMMIT FALSE
DISCONNECT
/*C26*/SET SCHEMA PUBLIC
CONNECT USER SA
SET AUTOCOMMIT FALSE
DISCONNECT
/*C27*/SET SCHEMA PUBLIC
CONNECT USER SA
SET AUTOCOMMIT FALSE
DISCONNECT
/*C28*/SET SCHEMA PUBLIC
CONNECT USER SA
SET AUTOCOMMIT FALSE
DISCONNECT
/*C29*/SET SCHEMA PUBLIC
CONNECT USER SA
SET AUTOCOMMIT FALSE
DISCONNECT
/*C30*/SET SCHEMA PUBLIC
CONNECT USER SA
SET AUTOCOMMIT FALSE
DISCONNECT
/*C31*/SET SCHEMA PUBLIC
CONNECT USER SA
SET AUTOCOMMIT FALSE
DISCONNECT
/*C32*/SET SCHEMA PUBLIC
CONNECT USER SA
SET AUTOCOMMIT FALSE
DISCONNECT
/*C33*/SET SCHEMA PUBLIC
CONNECT USER SA
SET AUTOCOMMIT FALSE
DISCONNECT
/*C34*/SET SCHEMA PUBLIC
CONNECT USER SA
SET AUTOCOMMIT FALSE
DISCONNECT
/*C35*/SET SCHEMA PUBLIC
CONNECT USER SA
SET AUTOCOMMIT FALSE
DISCONNECT
/*C36*/SET SCHEMA PUBLIC
CONNECT USER SA
SET AUTOCOMMIT FALSE
DISCONNECT
/*C37*/SET SCHEMA PUBLIC
CONNECT USER SA
SET AUTOCOMMIT FALSE
DISCONNECT
/*C38*/SET SCHEMA PUBLIC
CONNECT USER SA
SET AUTOCOMMIT FALSE
DISCONNECT
/*C39*/SET SCHEMA PUBLIC
CONNECT USER SA
SET AUTOCOMMIT FALSE
DISCONNECT
/*C40*/SET SCHEMA PUBLIC
CONNECT USER SA
SET AUTOCOMMIT FALSE
DISCONNECT
/*C41*/SET SCHEMA PUBLIC
CONNECT USER SA
SET AUTOCOMMIT FALSE
/*C42*/SET SCHEMA PUBLIC
CONNECT USER SA
INSERT INTO CLIENT VALUES(5555,'asda','asdasd',55)
DISCONNECT
/*C41*/DISCONNECT
/*C43*/SET SCHEMA PUBLIC
CONNECT USER SA
SET AUTOCOMMIT FALSE
DISCONNECT
/*C44*/SET SCHEMA PUBLIC
CONNECT USER SA
SET AUTOCOMMIT FALSE
DISCONNECT
/*C45*/SET SCHEMA PUBLIC
CONNECT USER SA
SET AUTOCOMMIT FALSE
DISCONNECT
/*C46*/SET SCHEMA PUBLIC
CONNECT USER SA
SET AUTOCOMMIT FALSE
DISCONNECT
/*C47*/SET SCHEMA PUBLIC
CONNECT USER SA
SET AUTOCOMMIT FALSE
INSERT INTO SALE VALUES(14,'2013-11-25 20:52:26.529000000',1)
INSERT INTO SOLDITEM VALUES(19,14,1,'Layz kr\u00f5psud',2,10.5)
INSERT INTO SOLDITEM VALUES(20,14,1,'Layz kr\u00f5psud',3,10.5)
INSERT INTO SOLDITEM VALUES(21,14,1,'Layz kr\u00f5psud',1,10.5)
DELETE FROM STOCKITEM WHERE ID=1
INSERT INTO STOCKITEM VALUES(1,'Layz kr\u00f5psud',10.5,90,NULL)
COMMIT
INSERT INTO SALE VALUES(15,'2013-11-25 20:53:15.108000000',1)
INSERT INTO SOLDITEM VALUES(22,15,2,'\u00d5lle vorstikesed',2,15.0)
INSERT INTO SOLDITEM VALUES(23,15,1,'Layz kr\u00f5psud',2,10.5)
DELETE FROM STOCKITEM WHERE ID=1
INSERT INTO STOCKITEM VALUES(1,'Layz kr\u00f5psud',10.5,88,NULL)
DELETE FROM STOCKITEM WHERE ID=2
INSERT INTO STOCKITEM VALUES(2,'\u00d5lle vorstikesed',15.0,40,NULL)
COMMIT
DISCONNECT
/*C48*/SET SCHEMA PUBLIC
CONNECT USER SA
SET AUTOCOMMIT FALSE
DISCONNECT
/*C49*/SET SCHEMA PUBLIC
CONNECT USER SA
SET AUTOCOMMIT FALSE
DISCONNECT
/*C50*/SET SCHEMA PUBLIC
CONNECT USER SA
SET AUTOCOMMIT FALSE
DISCONNECT
/*C51*/SET SCHEMA PUBLIC
CONNECT USER SA
SET AUTOCOMMIT FALSE
DISCONNECT
/*C52*/SET SCHEMA PUBLIC
CONNECT USER SA
SET AUTOCOMMIT FALSE
DISCONNECT
/*C53*/SET SCHEMA PUBLIC
CONNECT USER SA
SET AUTOCOMMIT FALSE
DISCONNECT
/*C54*/SET SCHEMA PUBLIC
CONNECT USER SA
SET AUTOCOMMIT FALSE
DISCONNECT
/*C55*/SET SCHEMA PUBLIC
CONNECT USER SA
SET AUTOCOMMIT FALSE
DISCONNECT
/*C56*/SET SCHEMA PUBLIC
CONNECT USER SA
SET AUTOCOMMIT FALSE
DISCONNECT
/*C57*/SET SCHEMA PUBLIC
CONNECT USER SA
SET AUTOCOMMIT FALSE
DISCONNECT
/*C58*/SET SCHEMA PUBLIC
CONNECT USER SA
SET AUTOCOMMIT FALSE
DISCONNECT
/*C59*/SET SCHEMA PUBLIC
CONNECT USER SA
SET AUTOCOMMIT FALSE
INSERT INTO SALE VALUES(16,'2013-11-25 21:17:56.592000000',1)
INSERT INTO SOLDITEM VALUES(24,16,2,'\u00d5lle vorstikesed',2,15.0)
INSERT INTO SOLDITEM VALUES(25,16,1,'Layz kr\u00f5psud',88,10.5)
DELETE FROM STOCKITEM WHERE ID=1
INSERT INTO STOCKITEM VALUES(1,'Layz kr\u00f5psud',10.5,0,NULL)
DELETE FROM STOCKITEM WHERE ID=2
INSERT INTO STOCKITEM VALUES(2,'\u00d5lle vorstikesed',15.0,38,NULL)
COMMIT
/*C60*/SET SCHEMA PUBLIC
CONNECT USER SA
/*C59*/DISCONNECT
/*C61*/SET SCHEMA PUBLIC
CONNECT USER SA
SET AUTOCOMMIT FALSE
INSERT INTO SALE VALUES(17,'2013-11-25 21:20:00.623000000',1)
INSERT INTO SOLDITEM VALUES(26,17,2,'\u00d5lle vorstikesed',38,15.0)
DELETE FROM STOCKITEM WHERE ID=2
INSERT INTO STOCKITEM VALUES(2,'\u00d5lle vorstikesed',15.0,0,NULL)
COMMIT
INSERT INTO STOCKITEM VALUES(45,'sdfsdf',151.0,11,'')
COMMIT
INSERT INTO SALE VALUES(18,'2013-11-25 21:21:21.571000000',1)
INSERT INTO SOLDITEM VALUES(27,18,45,'sdfsdf',11,151.0)
DELETE FROM STOCKITEM WHERE ID=45
INSERT INTO STOCKITEM VALUES(45,'sdfsdf',151.0,0,'')
COMMIT
DISCONNECT
/*C62*/SET SCHEMA PUBLIC
CONNECT USER SA
SET AUTOCOMMIT FALSE
INSERT INTO SALE VALUES(19,'2013-11-25 21:24:04.488000000',66)
INSERT INTO SOLDITEM VALUES(28,19,4,'K\u00f5rsikud ',30,7.0)
DELETE FROM STOCKITEM WHERE ID=4
INSERT INTO STOCKITEM VALUES(4,'K\u00f5rsikud ',7.0,0,NULL)
COMMIT
DISCONNECT
/*C63*/SET SCHEMA PUBLIC
CONNECT USER SA
SET AUTOCOMMIT FALSE
INSERT INTO SALE VALUES(20,'2013-11-25 21:31:16.504000000',2)
INSERT INTO SOLDITEM VALUES(29,20,3,'P\u00e4hklid',1,10.0)
DELETE FROM STOCKITEM WHERE ID=3
INSERT INTO STOCKITEM VALUES(3,'P\u00e4hklid',10.0,59,NULL)
COMMIT
DISCONNECT
/*C64*/SET SCHEMA PUBLIC
CONNECT USER SA
SET AUTOCOMMIT FALSE
DISCONNECT
/*C65*/SET SCHEMA PUBLIC
CONNECT USER SA
SET AUTOCOMMIT FALSE
INSERT INTO SALE VALUES(21,'2013-11-25 21:34:17.046000000',1)
INSERT INTO SOLDITEM VALUES(30,21,3,'P\u00e4hklid',1,10.0)
DELETE FROM STOCKITEM WHERE ID=3
INSERT INTO STOCKITEM VALUES(3,'P\u00e4hklid',10.0,58,NULL)
COMMIT
DISCONNECT
/*C66*/SET SCHEMA PUBLIC
CONNECT USER SA
SET AUTOCOMMIT FALSE
INSERT INTO SALE VALUES(22,'2013-11-25 21:35:09.919000000',1)
INSERT INTO SOLDITEM VALUES(31,22,5,'kohv',1,19.0)
DELETE FROM STOCKITEM WHERE ID=5
INSERT INTO STOCKITEM VALUES(5,'kohv',19.0,19,'')
COMMIT
DISCONNECT
/*C67*/SET SCHEMA PUBLIC
CONNECT USER SA
SET AUTOCOMMIT FALSE
INSERT INTO SALE VALUES(23,'2013-11-25 21:37:37.776000000',1)
INSERT INTO SOLDITEM VALUES(32,23,5,'kohv',8,19.0)
DELETE FROM STOCKITEM WHERE ID=5
INSERT INTO STOCKITEM VALUES(5,'kohv',19.0,11,'')
COMMIT
DISCONNECT
/*C68*/SET SCHEMA PUBLIC
CONNECT USER SA
SET AUTOCOMMIT FALSE
INSERT INTO SALE VALUES(24,'2013-11-25 21:40:03.069000000',1)
INSERT INTO SOLDITEM VALUES(33,24,5,'kohv',1,19.0)
DELETE FROM STOCKITEM WHERE ID=5
INSERT INTO STOCKITEM VALUES(5,'kohv',19.0,10,'')
COMMIT
DISCONNECT
/*C69*/SET SCHEMA PUBLIC
CONNECT USER SA
SET AUTOCOMMIT FALSE
INSERT INTO SALE VALUES(25,'2013-11-25 21:40:37.895000000',1)
INSERT INTO SOLDITEM VALUES(34,25,5,'kohv',1,19.0)
DELETE FROM STOCKITEM WHERE ID=5
INSERT INTO STOCKITEM VALUES(5,'kohv',19.0,9,'')
COMMIT
DISCONNECT
/*C70*/SET SCHEMA PUBLIC
CONNECT USER SA
SET AUTOCOMMIT FALSE
INSERT INTO SALE VALUES(26,'2013-11-25 21:42:16.170000000',1)
INSERT INTO SOLDITEM VALUES(35,26,5,'kohv',1,19.0)
DELETE FROM STOCKITEM WHERE ID=5
INSERT INTO STOCKITEM VALUES(5,'kohv',19.0,8,'')
COMMIT
DISCONNECT
/*C71*/SET SCHEMA PUBLIC
CONNECT USER SA
SET AUTOCOMMIT FALSE
INSERT INTO SALE VALUES(27,'2013-11-25 21:44:00.887000000',1)
INSERT INTO SOLDITEM VALUES(36,27,44,'22',1,22.0)
DELETE FROM STOCKITEM WHERE ID=44
INSERT INTO STOCKITEM VALUES(44,'22',22.0,21,'dsf')
COMMIT
DISCONNECT
/*C72*/SET SCHEMA PUBLIC
CONNECT USER SA
SET AUTOCOMMIT FALSE
INSERT INTO SALE VALUES(28,'2013-11-25 21:46:58.902000000',1)
INSERT INTO SOLDITEM VALUES(37,28,44,'22',1,22.0)
DELETE FROM STOCKITEM WHERE ID=44
INSERT INTO STOCKITEM VALUES(44,'22',22.0,20,'dsf')
COMMIT
DISCONNECT
/*C73*/SET SCHEMA PUBLIC
CONNECT USER SA
SET AUTOCOMMIT FALSE
INSERT INTO SALE VALUES(29,'2013-11-25 21:49:04.734000000',1)
INSERT INTO SOLDITEM VALUES(38,29,44,'22',1,22.0)
DELETE FROM STOCKITEM WHERE ID=44
INSERT INTO STOCKITEM VALUES(44,'22',22.0,19,'dsf')
COMMIT
DISCONNECT
/*C74*/SET SCHEMA PUBLIC
CONNECT USER SA
SET AUTOCOMMIT FALSE
INSERT INTO SALE VALUES(30,'2013-11-25 21:50:22.960000000',1)
INSERT INTO SOLDITEM VALUES(39,30,5,'kohv',1,19.0)
DELETE FROM STOCKITEM WHERE ID=5
INSERT INTO STOCKITEM VALUES(5,'kohv',19.0,7,'')
COMMIT
INSERT INTO SALE VALUES(31,'2013-11-25 21:51:37.939000000',1)
INSERT INTO SOLDITEM VALUES(40,31,5,'kohv',1,19.0)
DELETE FROM STOCKITEM WHERE ID=5
INSERT INTO STOCKITEM VALUES(5,'kohv',19.0,6,'')
COMMIT
DISCONNECT
/*C75*/SET SCHEMA PUBLIC
CONNECT USER SA
SET AUTOCOMMIT FALSE
DISCONNECT
/*C76*/SET SCHEMA PUBLIC
CONNECT USER SA
SET AUTOCOMMIT FALSE
DISCONNECT
