2013-11-25 23:47:23,639 [main] DEBUG - Strating SalesSystem with the Swing UI ..
2013-11-25 23:47:24,292 [main] INFO - 7 items loaded from disk
2013-11-25 23:47:24,315 [main] INFO - 6 clients loaded from disk
2013-11-25 23:47:24,396 [main] INFO - 30 Sales loaded from disk
2013-11-25 23:47:24,440 [main] WARN - [The JGoodies Windows Look and Feel - © 2001-2006 JGoodies Karsten Lentzsch - com.jgoodies.looks.windows.WindowsLookAndFeel] not supported on this platform
2013-11-25 23:47:24,899 [main] INFO - SalesSystem started
2013-11-25 23:47:26,791 [AWT-EventQueue-0] INFO - 7 items loaded from disk
2013-11-25 23:47:27,779 [AWT-EventQueue-0] INFO - 30 Sales loaded from disk
2013-11-25 23:47:27,811 [AWT-EventQueue-0] INFO - 3 clients loaded from disk
2013-11-25 23:47:27,815 [AWT-EventQueue-0] INFO - 1 clients loaded from disk
2013-11-25 23:47:27,819 [AWT-EventQueue-0] INFO - 1 clients loaded from disk
2013-11-25 23:47:27,825 [AWT-EventQueue-0] INFO - 1 clients loaded from disk
2013-11-25 23:47:27,831 [AWT-EventQueue-0] INFO - 1 clients loaded from disk
2013-11-25 23:47:27,836 [AWT-EventQueue-0] INFO - 1 clients loaded from disk
2013-11-25 23:47:27,840 [AWT-EventQueue-0] INFO - 1 clients loaded from disk
2013-11-25 23:47:27,845 [AWT-EventQueue-0] INFO - 3 clients loaded from disk
2013-11-25 23:47:27,850 [AWT-EventQueue-0] INFO - 2 clients loaded from disk
2013-11-25 23:47:27,863 [AWT-EventQueue-0] INFO - 2 clients loaded from disk
2013-11-25 23:47:27,871 [AWT-EventQueue-0] INFO - 1 clients loaded from disk
2013-11-25 23:47:27,879 [AWT-EventQueue-0] INFO - 1 clients loaded from disk
2013-11-25 23:47:27,892 [AWT-EventQueue-0] INFO - 1 clients loaded from disk
2013-11-25 23:47:27,896 [AWT-EventQueue-0] INFO - 1 clients loaded from disk
2013-11-25 23:47:27,902 [AWT-EventQueue-0] INFO - 1 clients loaded from disk
2013-11-25 23:47:27,908 [AWT-EventQueue-0] INFO - 1 clients loaded from disk
2013-11-25 23:47:27,912 [AWT-EventQueue-0] INFO - 1 clients loaded from disk
2013-11-25 23:47:27,917 [AWT-EventQueue-0] INFO - 1 clients loaded from disk
2013-11-25 23:47:27,922 [AWT-EventQueue-0] INFO - 1 clients loaded from disk
2013-11-25 23:47:27,927 [AWT-EventQueue-0] INFO - 1 clients loaded from disk
2013-11-25 23:47:27,931 [AWT-EventQueue-0] INFO - 1 clients loaded from disk
2013-11-25 23:47:27,935 [AWT-EventQueue-0] INFO - 1 clients loaded from disk
2013-11-25 23:47:27,939 [AWT-EventQueue-0] INFO - 1 clients loaded from disk
2013-11-25 23:47:27,943 [AWT-EventQueue-0] INFO - 1 clients loaded from disk
2013-11-25 23:47:27,947 [AWT-EventQueue-0] INFO - 1 clients loaded from disk
2013-11-25 23:47:27,952 [AWT-EventQueue-0] INFO - 1 clients loaded from disk
2013-11-25 23:47:27,956 [AWT-EventQueue-0] INFO - 1 clients loaded from disk
2013-11-25 23:47:27,963 [AWT-EventQueue-0] INFO - 1 clients loaded from disk
2013-11-25 23:47:27,966 [AWT-EventQueue-0] INFO - 1 clients loaded from disk
2013-11-25 23:47:27,970 [AWT-EventQueue-0] INFO - 1 clients loaded from disk
2013-11-25 23:47:28,297 [AWT-EventQueue-0] INFO - 6 clients loaded from disk
